This is pdfTeX, Version 3.14159265-2.6-1.40.19 (MiKTeX 2.9.6930 64-bit) (preloaded format=pdflatex 2019.2.4)  14 APR 2019 10:16
entering extended mode
**./lc9.tex
(lc9.tex
LaTeX2e <2018-12-01>
("E:\Program Files\MiKTeX 2.9\tex/latex/base\report.cls"
Document Class: report 2018/09/03 v1.4i Standard LaTeX document class
("E:\Program Files\MiKTeX 2.9\tex/latex/base\size11.clo"
File: size11.clo 2018/09/03 v1.4i Standard LaTeX file (size option)
)
\c@part=\count80
\c@chapter=\count81
\c@section=\count82
\c@subsection=\count83
\c@subsubsection=\count84
\c@paragraph=\count85
\c@subparagraph=\count86
\c@figure=\count87
\c@table=\count88
\abovecaptionskip=\skip41
\belowcaptionskip=\skip42
\bibindent=\dimen102
)
("E:\Program Files\MiKTeX 2.9\tex/latex/base\inputenc.sty"
Package: inputenc 2018/08/11 v1.3c Input encoding file
\inpenc@prehook=\toks14
\inpenc@posthook=\toks15
)
("E:\Program Files\MiKTeX 2.9\tex/generic/babel\babel.sty"
Package: babel 2018/11/13 3.27 The Babel package

("E:\Program Files\MiKTeX 2.9\tex/generic/babel\switch.def"
File: switch.def 2018/11/13 3.27 Babel switching mechanism
)
*************************************
* Local config file bblopts.cfg used
*
(C:\Users\Mathieu\AppData\Roaming\MiKTeX\2.9\tex/latex/arabi\bblopts.cfg
File: bblopts.cfg 2005/09/08 v0.1 add Arabic and Farsi to "declared" options of
 babel
)
("E:\Program Files\MiKTeX 2.9\tex/generic/babel-french\french.ldf"
Language: french 2018/09/14 v3.5c French support from the babel system

("E:\Program Files\MiKTeX 2.9\tex/generic/babel\babel.def"
File: babel.def 2018/11/13 3.27 Babel common definitions
\babel@savecnt=\count89
\U@D=\dimen103

("E:\Program Files\MiKTeX 2.9\tex/generic/babel\txtbabel.def")
\bbl@dirlevel=\count90
)
\l@acadian = a dialect from \language\l@french 
\FB@nonchar=\count91
Package babel Info: Making : an active character on input line 414.
Package babel Info: Making ; an active character on input line 415.
Package babel Info: Making ! an active character on input line 416.
Package babel Info: Making ? an active character on input line 417.
\FBguill@level=\count92
\FBold@everypar=\toks16
\FB@Mht=\dimen104
\mc@charclass=\count93
\mc@charfam=\count94
\mc@charslot=\count95
\std@mcc=\count96
\dec@mcc=\count97
\c@FBcaption@count=\count98
\listindentFB=\dimen105
\descindentFB=\dimen106
\labelindentFB=\dimen107
\labelwidthFB=\dimen108
\leftmarginFB=\dimen109
\parindentFFN=\dimen110
\FBfnindent=\dimen111
))
("E:\Program Files\MiKTeX 2.9\tex/latex/carlisle\scalefnt.sty")
("E:\Program Files\MiKTeX 2.9\tex/latex/graphics\keyval.sty"
Package: keyval 2014/10/28 v1.15 key=value parser (DPC)
\KV@toks@=\toks17
)
("E:\Program Files\MiKTeX 2.9\tex/latex/base\fontenc.sty"
Package: fontenc 2018/08/11 v2.0j Standard LaTeX package

("E:\Program Files\MiKTeX 2.9\tex/latex/base\t1enc.def"
File: t1enc.def 2018/08/11 v2.0j Standard LaTeX file
LaTeX Font Info:    Redeclaring font encoding T1 on input line 48.
))
("E:\Program Files\MiKTeX 2.9\tex/latex/amsmath\amsmath.sty"
Package: amsmath 2018/12/01 v2.17b AMS math features
\@mathmargin=\skip43

For additional information on amsmath, use the `?' option.
("E:\Program Files\MiKTeX 2.9\tex/latex/amsmath\amstext.sty"
Package: amstext 2000/06/29 v2.01 AMS text

("E:\Program Files\MiKTeX 2.9\tex/latex/amsmath\amsgen.sty"
File: amsgen.sty 1999/11/30 v2.0 generic functions
\@emptytoks=\toks18
\ex@=\dimen112
))
("E:\Program Files\MiKTeX 2.9\tex/latex/amsmath\amsbsy.sty"
Package: amsbsy 1999/11/29 v1.2d Bold Symbols
\pmbraise@=\dimen113
)
("E:\Program Files\MiKTeX 2.9\tex/latex/amsmath\amsopn.sty"
Package: amsopn 2016/03/08 v2.02 operator names
)
\inf@bad=\count99
LaTeX Info: Redefining \frac on input line 223.
\uproot@=\count100
\leftroot@=\count101
LaTeX Info: Redefining \overline on input line 385.
\classnum@=\count102
\DOTSCASE@=\count103
LaTeX Info: Redefining \ldots on input line 482.
LaTeX Info: Redefining \dots on input line 485.
LaTeX Info: Redefining \cdots on input line 606.
\Mathstrutbox@=\box27
\strutbox@=\box28
\big@size=\dimen114
LaTeX Font Info:    Redeclaring font encoding OML on input line 729.
LaTeX Font Info:    Redeclaring font encoding OMS on input line 730.
\macc@depth=\count104
\c@MaxMatrixCols=\count105
\dotsspace@=\muskip10
\c@parentequation=\count106
\dspbrk@lvl=\count107
\tag@help=\toks19
\row@=\count108
\column@=\count109
\maxfields@=\count110
\andhelp@=\toks20
\eqnshift@=\dimen115
\alignsep@=\dimen116
\tagshift@=\dimen117
\tagwidth@=\dimen118
\totwidth@=\dimen119
\lineht@=\dimen120
\@envbody=\toks21
\multlinegap=\skip44
\multlinetaggap=\skip45
\mathdisplay@stack=\toks22
LaTeX Info: Redefining \[ on input line 2844.
LaTeX Info: Redefining \] on input line 2845.
)
("E:\Program Files\MiKTeX 2.9\tex/latex/amsfonts\amsfonts.sty"
Package: amsfonts 2013/01/14 v3.01 Basic AMSFonts support
\symAMSa=\mathgroup4
\symAMSb=\mathgroup5
LaTeX Font Info:    Overwriting math alphabet `\mathfrak' in version `bold'
(Font)                  U/euf/m/n --> U/euf/b/n on input line 106.
)
("E:\Program Files\MiKTeX 2.9\tex/latex/amsfonts\amssymb.sty"
Package: amssymb 2013/01/14 v3.01 AMS font symbols
)
(C:\Users\Mathieu\AppData\Roaming\MiKTeX\2.9\tex/latex/xcolor\xcolor.sty
Package: xcolor 2016/05/11 v2.12 LaTeX color extensions (UK)

("E:\Program Files\MiKTeX 2.9\tex/latex/graphics-cfg\color.cfg"
File: color.cfg 2016/01/02 v1.6 sample color configuration
)
Package xcolor Info: Driver file: pdftex.def on input line 225.

("E:\Program Files\MiKTeX 2.9\tex/latex/graphics-def\pdftex.def"
File: pdftex.def 2018/01/08 v1.0l Graphics/color driver for pdftex
)
Package xcolor Info: Model `cmy' substituted by `cmy0' on input line 1348.
Package xcolor Info: Model `hsb' substituted by `rgb' on input line 1352.
Package xcolor Info: Model `RGB' extended on input line 1364.
Package xcolor Info: Model `HTML' substituted by `rgb' on input line 1366.
Package xcolor Info: Model `Hsb' substituted by `hsb' on input line 1367.
Package xcolor Info: Model `tHsb' substituted by `hsb' on input line 1368.
Package xcolor Info: Model `HSB' substituted by `hsb' on input line 1369.
Package xcolor Info: Model `Gray' substituted by `gray' on input line 1370.
Package xcolor Info: Model `wave' substituted by `hsb' on input line 1371.
)
(C:\Users\Mathieu\AppData\Roaming\MiKTeX\2.9\tex/latex/was\gensymb.sty
Package: gensymb 2003/07/02 v1.0 (WaS)
)
("E:\Program Files\MiKTeX 2.9\tex/latex/geometry\geometry.sty"
Package: geometry 2018/04/16 v5.8 Page Geometry

("E:\Program Files\MiKTeX 2.9\tex/generic/oberdiek\ifpdf.sty"
Package: ifpdf 2018/09/07 v3.3 Provides the ifpdf switch
)
("E:\Program Files\MiKTeX 2.9\tex/generic/oberdiek\ifvtex.sty"
Package: ifvtex 2016/05/16 v1.6 Detect VTeX and its facilities (HO)
Package ifvtex Info: VTeX not detected.
)
("E:\Program Files\MiKTeX 2.9\tex/generic/ifxetex\ifxetex.sty"
Package: ifxetex 2010/09/12 v0.6 Provides ifxetex conditional
)
\Gm@cnth=\count111
\Gm@cntv=\count112
\c@Gm@tempcnt=\count113
\Gm@bindingoffset=\dimen121
\Gm@wd@mp=\dimen122
\Gm@odd@mp=\dimen123
\Gm@even@mp=\dimen124
\Gm@layoutwidth=\dimen125
\Gm@layoutheight=\dimen126
\Gm@layouthoffset=\dimen127
\Gm@layoutvoffset=\dimen128
\Gm@dimlist=\toks23

("E:\Program Files\MiKTeX 2.9\tex/latex/geometry\geometry.cfg"))
(C:\Users\Mathieu\AppData\Roaming\MiKTeX\2.9\tex/latex/wasysym\wasysym.sty
Package: wasysym 2003/10/30 v2.0 Wasy-2 symbol support package
\symwasy=\mathgroup6
LaTeX Font Info:    Overwriting symbol font `wasy' in version `bold'
(Font)                  U/wasy/m/n --> U/wasy/b/n on input line 90.
)
("E:\Program Files\MiKTeX 2.9\tex/latex/graphics\graphicx.sty"
Package: graphicx 2017/06/01 v1.1a Enhanced LaTeX Graphics (DPC,SPQR)

("E:\Program Files\MiKTeX 2.9\tex/latex/graphics\graphics.sty"
Package: graphics 2017/06/25 v1.2c Standard LaTeX Graphics (DPC,SPQR)

("E:\Program Files\MiKTeX 2.9\tex/latex/graphics\trig.sty"
Package: trig 2016/01/03 v1.10 sin cos tan (DPC)
)
("E:\Program Files\MiKTeX 2.9\tex/latex/graphics-cfg\graphics.cfg"
File: graphics.cfg 2016/06/04 v1.11 sample graphics configuration
)
Package graphics Info: Driver file: pdftex.def on input line 99.
)
\Gin@req@height=\dimen129
\Gin@req@width=\dimen130
) (lc9.aux)
\openout1 = `lc9.aux'.

LaTeX Font Info:    Checking defaults for OML/cmm/m/it on input line 24.
LaTeX Font Info:    ... okay on input line 24.
LaTeX Font Info:    Checking defaults for T1/cmr/m/n on input line 24.
LaTeX Font Info:    ... okay on input line 24.
LaTeX Font Info:    Checking defaults for OT1/cmr/m/n on input line 24.
LaTeX Font Info:    ... okay on input line 24.
LaTeX Font Info:    Checking defaults for OMS/cmsy/m/n on input line 24.
LaTeX Font Info:    ... okay on input line 24.
LaTeX Font Info:    Checking defaults for OMX/cmex/m/n on input line 24.
LaTeX Font Info:    ... okay on input line 24.
LaTeX Font Info:    Checking defaults for U/cmr/m/n on input line 24.
LaTeX Font Info:    ... okay on input line 24.
LaTeX Info: Redefining \degres on input line 24.
LaTeX Info: Redefining \dots on input line 24.
LaTeX Info: Redefining \up on input line 24.
(C:\Users\Mathieu\AppData\Roaming\MiKTeX\2.9\tex/context/base\supp-pdf.mkii
[Loading MPS to PDF converter (version 2006.09.02).]
\scratchcounter=\count114
\scratchdimen=\dimen131
\scratchbox=\box29
\nofMPsegments=\count115
\nofMParguments=\count116
\everyMPshowfont=\toks24
\MPscratchCnt=\count117
\MPscratchDim=\dimen132
\MPnumerator=\count118
\makeMPintoPDFobject=\count119
\everyMPtoPDFconversion=\toks25
) ("E:\Program Files\MiKTeX 2.9\tex/latex/oberdiek\epstopdf-base.sty"
Package: epstopdf-base 2016/05/15 v2.6 Base part for package epstopdf

("E:\Program Files\MiKTeX 2.9\tex/generic/oberdiek\infwarerr.sty"
Package: infwarerr 2016/05/16 v1.4 Providing info/warning/error messages (HO)
)
("E:\Program Files\MiKTeX 2.9\tex/latex/oberdiek\grfext.sty"
Package: grfext 2016/05/16 v1.2 Manage graphics extensions (HO)

("E:\Program Files\MiKTeX 2.9\tex/generic/oberdiek\kvdefinekeys.sty"
Package: kvdefinekeys 2016/05/16 v1.4 Define keys (HO)

("E:\Program Files\MiKTeX 2.9\tex/generic/oberdiek\ltxcmds.sty"
Package: ltxcmds 2016/05/16 v1.23 LaTeX kernel commands for general use (HO)
)))
("E:\Program Files\MiKTeX 2.9\tex/latex/oberdiek\kvoptions.sty"
Package: kvoptions 2016/05/16 v3.12 Key value format for package options (HO)

("E:\Program Files\MiKTeX 2.9\tex/generic/oberdiek\kvsetkeys.sty"
Package: kvsetkeys 2016/05/16 v1.17 Key value parser (HO)

("E:\Program Files\MiKTeX 2.9\tex/generic/oberdiek\etexcmds.sty"
Package: etexcmds 2016/05/16 v1.6 Avoid name clashes with e-TeX commands (HO)

("E:\Program Files\MiKTeX 2.9\tex/generic/oberdiek\ifluatex.sty"
Package: ifluatex 2016/05/16 v1.4 Provides the ifluatex switch (HO)
Package ifluatex Info: LuaTeX not detected.
))))
("E:\Program Files\MiKTeX 2.9\tex/generic/oberdiek\pdftexcmds.sty"
Package: pdftexcmds 2018/09/10 v0.29 Utility functions of pdfTeX for LuaTeX (HO
)
Package pdftexcmds Info: LuaTeX not detected.
Package pdftexcmds Info: \pdf@primitive is available.
Package pdftexcmds Info: \pdf@ifprimitive is available.
Package pdftexcmds Info: \pdfdraftmode found.
)
Package epstopdf-base Info: Redefining graphics rule for `.eps' on input line 4
38.
Package grfext Info: Graphics extension search list:
(grfext)             [.pdf,.png,.jpg,.mps,.jpeg,.jbig2,.jb2,.PDF,.PNG,.JPG,.JPE
G,.JBIG2,.JB2,.eps]
(grfext)             \AppendGraphicsExtensions on input line 456.
)
LaTeX Info: Redefining \celsius on input line 24.
Package gensymb Info: Faking symbols for \degree and \celsius on input line 24.



Package gensymb Warning: Not defining \perthousand.

LaTeX Info: Redefining \ohm on input line 24.
Package gensymb Info: Using \Omega for \ohm on input line 24.

Package gensymb Warning: Not defining \micro.

*geometry* driver: auto-detecting
*geometry* detected driver: pdftex
*geometry* verbose mode - [ preamble ] result:
* driver: pdftex
* paper: a4paper
* layout: <same size as paper>
* layoutoffset:(h,v)=(0.0pt,0.0pt)
* modes: 
* h-part:(L,W,R)=(71.13188pt, 455.24411pt, 71.13188pt)
* v-part:(T,H,B)=(42.67912pt, 759.6886pt, 42.67912pt)
* \paperwidth=597.50787pt
* \paperheight=845.04684pt
* \textwidth=455.24411pt
* \textheight=759.6886pt
* \oddsidemargin=-1.1381pt
* \evensidemargin=-1.1381pt
* \topmargin=-66.59087pt
* \headheight=12.0pt
* \headsep=25.0pt
* \topskip=11.0pt
* \footskip=30.0pt
* \marginparwidth=50.0pt
* \marginparsep=10.0pt
* \columnsep=10.0pt
* \skip\footins=10.0pt plus 4.0pt minus 2.0pt
* \hoffset=0.0pt
* \voffset=0.0pt
* \mag=1000
* \@twocolumnfalse
* \@twosidefalse
* \@mparswitchfalse
* \@reversemarginfalse
* (1in=72.27pt=25.4mm, 1cm=28.453pt)

LaTeX Font Info:    Try loading font information for U+msa on input line 25.
("E:\Program Files\MiKTeX 2.9\tex/latex/amsfonts\umsa.fd"
File: umsa.fd 2013/01/14 v3.01 AMS symbols A
)
LaTeX Font Info:    Try loading font information for U+msb on input line 25.

("E:\Program Files\MiKTeX 2.9\tex/latex/amsfonts\umsb.fd"
File: umsb.fd 2013/01/14 v3.01 AMS symbols B
)
LaTeX Font Info:    Try loading font information for U+wasy on input line 25.

(C:\Users\Mathieu\AppData\Roaming\MiKTeX\2.9\tex/latex/wasysym\uwasy.fd
File: uwasy.fd 2003/10/30 v2.0 Wasy-2 symbol font definitions
)
[1

{C:/Users/Mathieu/AppData/Local/MiKTeX/2.9/pdftex/config/pdftex.map}]
Underfull \hbox (badness 10000) in paragraph at lines 29--30

 []


Underfull \hbox (badness 10000) in paragraph at lines 36--37

 []


Underfull \hbox (badness 10000) in paragraph at lines 41--42

 []


Underfull \hbox (badness 10000) in paragraph at lines 42--44

 []

[1]
Underfull \hbox (badness 10000) in paragraph at lines 58--59

 []


Underfull \hbox (badness 10000) in paragraph at lines 60--61

 []


Underfull \hbox (badness 10000) in paragraph at lines 62--63

 []

<quinine.png, id=14, 326.72063pt x 225.84375pt>
File: quinine.png Graphic file (type png)
<use quinine.png>
Package pdftex.def Info: quinine.png  used on input line 67.
(pdftex.def)             Requested size: 228.70287pt x 158.08954pt.
<quinquina.png, id=15, 225.84375pt x 225.84375pt>
File: quinquina.png Graphic file (type png)
<use quinquina.png>
Package pdftex.def Info: quinquina.png  used on input line 68.
(pdftex.def)             Requested size: 158.08954pt x 158.08954pt.
<salicyline.png, id=16, 351.56343pt x 225.84375pt>
File: salicyline.png Graphic file (type png)
<use salicyline.png>
Package pdftex.def Info: salicyline.png  used on input line 69.
(pdftex.def)             Requested size: 246.09271pt x 158.08954pt.
<saule.png, id=17, 225.84375pt x 150.5625pt>
File: saule.png Graphic file (type png)
<use saule.png>
Package pdftex.def Info: saule.png  used on input line 70.
(pdftex.def)             Requested size: 158.08954pt x 105.39302pt.

Underfull \hbox (badness 10000) in paragraph at lines 76--77

 []

[2 <./quinine.png (PNG copy)> <./quinquina.png (PNG copy)> <./salicyline.png (P
NG copy)> <./saule.png (PNG copy)>]
Underfull \hbox (badness 10000) in paragraph at lines 83--84

 []

<thalidomide.png, id=23, 399.74344pt x 174.6525pt>
File: thalidomide.png Graphic file (type png)
<use thalidomide.png>
Package pdftex.def Info: thalidomide.png  used on input line 95.
(pdftex.def)             Requested size: 319.79517pt x 139.72218pt.

Underfull \hbox (badness 10000) in paragraph at lines 100--101

 []

<ibuprofene.png, id=24, 764.10469pt x 177.66376pt>
File: ibuprofene.png Graphic file (type png)
<use ibuprofene.png>
Package pdftex.def Info: ibuprofene.png  used on input line 104.
(pdftex.def)             Requested size: 382.0514pt x 88.83165pt.
[3 <./thalidomide.png (PNG copy)> <./ibuprofene.png (PNG copy)>]
Underfull \hbox (badness 10000) in paragraph at lines 114--115

 []


Underfull \hbox (badness 10000) in paragraph at lines 126--128

 []

<effervescence.png, id=29, 418.56375pt x 200.75pt>
File: effervescence.png Graphic file (type png)
<use effervescence.png>
Package pdftex.def Info: effervescence.png  used on input line 138.
(pdftex.def)             Requested size: 313.92203pt x 150.56212pt.

Underfull \hbox (badness 10000) in paragraph at lines 143--144

 []


Underfull \hbox (badness 10000) in paragraph at lines 145--146

 []

[4 <./effervescence.png (PNG copy)>]
Underfull \hbox (badness 10000) in paragraph at lines 152--153

 []

<historique_aspirine.jpg, id=37, 3047.385pt x 1735.48375pt>
File: historique_aspirine.jpg Graphic file (type jpg)
<use historique_aspirine.jpg>
Package pdftex.def Info: historique_aspirine.jpg  used on input line 158.
(pdftex.def)             Requested size: 304.75635pt x 173.55853pt.
<acetylation_acidesalicylique.png, id=38, 597.73312pt x 173.89969pt>
File: acetylation_acidesalicylique.png Graphic file (type png)
<use acetylation_acidesalicylique.png>
Package pdftex.def Info: acetylation_acidesalicylique.png  used on input line 1
71.
(pdftex.def)             Requested size: 179.32132pt x 52.1703pt.
[5 <./historique_aspirine.jpg> <./acetylation_acidesalicylique.png (PNG copy)>]

Underfull \hbox (badness 10000) in paragraph at lines 192--194

 []


Underfull \hbox (badness 10000) in paragraph at lines 195--196

 []

<synthese_schema.jpg, id=42, 2387.92125pt x 2581.645pt>
File: synthese_schema.jpg Graphic file (type jpg)
<use synthese_schema.jpg>
Package pdftex.def Info: synthese_schema.jpg  used on input line 216.
(pdftex.def)             Requested size: 238.8061pt x 258.17963pt.
<recristallisation_schema.jpg, id=43, 2394.9475pt x 2561.57pt>
File: recristallisation_schema.jpg Graphic file (type jpg)
<use recristallisation_schema.jpg>
Package pdftex.def Info: recristallisation_schema.jpg  used on input line 217.
(pdftex.def)             Requested size: 239.50877pt x 256.17201pt.

Overfull \hbox (47.07077pt too wide) in paragraph at lines 215--219
 [] 
 []


Underfull \hbox (badness 10000) in paragraph at lines 227--228

 []


Underfull \hbox (badness 10000) in paragraph at lines 230--231

 []

[6 <./synthese_schema.jpg> <./recristallisation_schema.jpg>]
Underfull \hbox (badness 10000) in paragraph at lines 232--234

 []


Underfull \hbox (badness 10000) in paragraph at lines 263--264

 []


Underfull \hbox (badness 10000) in paragraph at lines 267--268

 []


Underfull \hbox (badness 10000) in paragraph at lines 277--278

 []


Underfull \hbox (badness 10000) in paragraph at lines 280--281

 []

[7]
<test_phenol.jpg, id=52, 775.89874pt x 401.5pt>
File: test_phenol.jpg Graphic file (type jpg)
<use test_phenol.jpg>
Package pdftex.def Info: test_phenol.jpg  used on input line 286.
(pdftex.def)             Requested size: 387.94843pt x 200.7495pt.

Underfull \hbox (badness 10000) in paragraph at lines 303--304

 []


Underfull \hbox (badness 10000) in paragraph at lines 305--306

 []

<antis.png, id=53, 550.30594pt x 383.93437pt>
File: antis.png Graphic file (type png)
<use antis.png>
Package pdftex.def Info: antis.png  used on input line 311.
(pdftex.def)             Requested size: 440.24535pt x 307.1479pt.

LaTeX Warning: `!h' float specifier changed to `!ht'.

[8 <./test_phenol.jpg>]
<betadine.png, id=57, 582.67688pt x 216.81pt>
File: betadine.png Graphic file (type png)
<use betadine.png>
Package pdftex.def Info: betadine.png  used on input line 326.
(pdftex.def)             Requested size: 291.33772pt x 108.40472pt.

Underfull \hbox (badness 10000) in paragraph at lines 331--332

 []

[9 <./antis.png (PNG copy)> <./betadine.png (PNG copy)>] [10]
<mecanisme_synth.png, id=64, 1356.56813pt x 506.6428pt>
File: mecanisme_synth.png Graphic file (type png)
<use mecanisme_synth.png>
Package pdftex.def Info: mecanisme_synth.png  used on input line 347.
(pdftex.def)             Requested size: 474.80595pt x 177.32764pt.

Overfull \hbox (19.56184pt too wide) in paragraph at lines 347--349
 [] 
 []

[11 <./mecanisme_synth.png (PNG copy)>]
<IR_aspirine.png, id=68, 752.8125pt x 232.61906pt>
File: IR_aspirine.png Graphic file (type png)
<use IR_aspirine.png>
Package pdftex.def Info: IR_aspirine.png  used on input line 358.
(pdftex.def)             Requested size: 451.69098pt x 139.57251pt.
<IR_acidesalicylique.png, id=69, 767.86874pt x 232.61906pt>
File: IR_acidesalicylique.png Graphic file (type png)
<use IR_acidesalicylique.png>
Package pdftex.def Info: IR_acidesalicylique.png  used on input line 359.
(pdftex.def)             Requested size: 460.7248pt x 139.57251pt.

Overfull \hbox (17.48068pt too wide) in paragraph at lines 357--361
 [] 
 []

[12 <./IR_aspirine.png (PNG copy)> <./IR_acidesalicylique.png (PNG copy)>]
(lc9.aux) ) 
Here is how much of TeX's memory you used:
 5133 strings out of 492946
 68377 string characters out of 3135522
 155421 words of memory out of 3000000
 8915 multiletter control sequences out of 15000+200000
 18296 words of font info for 52 fonts, out of 3000000 for 9000
 1141 hyphenation exceptions out of 8191
 41i,13n,35p,734b,423s stack positions out of 5000i,500n,10000p,200000b,50000s
 <C:\Users\Mathieu\AppData\Local\MiKTeX\2.9\fonts/pk/ljfour/jknappen
/ec/dpi600\ecbx1200.pk> <C:\Users\Mathieu\AppData\Local\MiKTeX\2.9\fonts/pk/ljf
our/jknappen/ec/dpi600\ecrm0800.pk> <C:\Users\Mathieu\AppData\Local\MiKTeX\2.9\
fonts/pk/ljfour/jknappen/ec/dpi600\eccc1095.pk> <C:\Users\Mathieu\AppData\Local
\MiKTeX\2.9\fonts/pk/ljfour/jknappen/ec/dpi600\ecbx1095.pk> <C:\Users\Mathieu\A
ppData\Local\MiKTeX\2.9\fonts/pk/ljfour/jknappen/ec/dpi600\ecrm1095.pk> <C:\Use
rs\Mathieu\AppData\Local\MiKTeX\2.9\fonts/pk/ljfour/jknappen/ec/dpi600\ecbx1440
.pk> <C:\Users\Mathieu\AppData\Local\MiKTeX\2.9\fonts/pk/ljfour/jknappen/ec/dpi
600\ecrm1200.pk> <C:\Users\Mathieu\AppData\Local\MiKTeX\2.9\fonts/pk/ljfour/jkn
appen/ec/dpi600\ecrm1728.pk><E:/Program Files/MiKTeX 2.9/fonts/type1/public/ams
fonts/cm/cmmi10.pfb><E:/Program Files/MiKTeX 2.9/fonts/type1/public/amsfonts/cm
/cmmi8.pfb><E:/Program Files/MiKTeX 2.9/fonts/type1/public/amsfonts/cm/cmr10.pf
b><E:/Program Files/MiKTeX 2.9/fonts/type1/public/amsfonts/cm/cmr8.pfb><E:/Prog
ram Files/MiKTeX 2.9/fonts/type1/public/amsfonts/cm/cmsy10.pfb><E:/Program File
s/MiKTeX 2.9/fonts/type1/public/amsfonts/cm/cmsy8.pfb>
Output written on lc9.pdf (13 pages, 4073970 bytes).
PDF statistics:
 389 PDF objects out of 1000 (max. 8388607)
 0 named destinations out of 1000 (max. 500000)
 86 words of extra memory for PDF output out of 10000 (max. 10000000)

